<?xml version="1.0" encoding="UTF-8"?>
<!-- Generated by org.testng.reporters.JUnitXMLReporter -->
<testsuite ignored="0" hostname="LAPTOP-9MMV66BJ" failures="0" tests="23" name="Default test" time="0.26" errors="0" timestamp="2022-08-30T21:44:36 IST">
  <testcase classname="BillingTestCases.TestCases" name="@BeforeMethod BrowserInvoke" time="-1.661876075954E9">
    <failure type="org.testng.TestNGException" message="
Parameter &amp;apos;Browser&amp;apos; is required by BeforeMethod on method BrowserInvoke but has not been marked @Optional or defined
in C:\Users\asus\AppData\Local\Temp\testng-eclipse--1396025650\testng-customsuite.xml">
      <![CDATA[org.testng.TestNGException: 
Parameter 'Browser' is required by BeforeMethod on method BrowserInvoke but has not been marked @Optional or defined
in C:\Users\asus\AppData\Local\Temp\testng-eclipse--1396025650\testng-customsuite.xml
at org.testng.internal.Parameters.createParams(Parameters.java:267)
at org.testng.internal.Parameters.createParametersForMethod(Parameters.java:355)
at org.testng.internal.Parameters.createParameters(Parameters.java:684)
at org.testng.internal.Parameters.createConfigurationParameters(Parameters.java:166)
at org.testng.internal.invokers.ConfigInvoker.invokeConfigurations(ConfigInvoker.java:277)
at org.testng.internal.invokers.TestInvoker.runConfigMethods(TestInvoker.java:816)
at org.testng.internal.invokers.TestInvoker.invokeMethod(TestInvoker.java:590)
at org.testng.internal.invokers.TestInvoker.invokeTestMethod(TestInvoker.java:221)
at org.testng.internal.invokers.MethodRunner.runInSequence(MethodRunner.java:50)
at org.testng.internal.invokers.TestInvoker$MethodInvocationAgent.invoke(TestInvoker.java:962)
at org.testng.internal.invokers.TestInvoker.invokeTestMethods(TestInvoker.java:194)
at org.testng.internal.invokers.TestMethodWorker.invokeTestMethods(TestMethodWorker.java:148)
at org.testng.internal.invokers.TestMethodWorker.run(TestMethodWorker.java:128)
at java.base/java.util.ArrayList.forEach(ArrayList.java:1511)
at org.testng.TestRunner.privateRun(TestRunner.java:806)
at org.testng.TestRunner.run(TestRunner.java:601)
at org.testng.SuiteRunner.runTest(SuiteRunner.java:433)
at org.testng.SuiteRunner.runSequentially(SuiteRunner.java:427)
at org.testng.SuiteRunner.privateRun(SuiteRunner.java:387)
at org.testng.SuiteRunner.run(SuiteRunner.java:330)
at org.testng.SuiteRunnerWorker.runSuite(SuiteRunnerWorker.java:52)
at org.testng.SuiteRunnerWorker.run(SuiteRunnerWorker.java:95)
at org.testng.TestNG.runSuitesSequentially(TestNG.java:1256)
at org.testng.TestNG.runSuitesLocally(TestNG.java:1176)
at org.testng.TestNG.runSuites(TestNG.java:1099)
at org.testng.TestNG.run(TestNG.java:1067)
at org.testng.remote.AbstractRemoteTestNG.run(AbstractRemoteTestNG.java:115)
at org.testng.remote.RemoteTestNG.initAndRun(RemoteTestNG.java:251)
at org.testng.remote.RemoteTestNG.main(RemoteTestNG.java:77)
]]>
    </failure>
  </testcase> <!-- @BeforeMethod BrowserInvoke -->
  <testcase classname="BillingTestCases.TestCases" name="@BeforeMethod BrowserInvoke" time="0.0">
    <skipped/>
  </testcase> <!-- @BeforeMethod BrowserInvoke -->
  <testcase classname="BillingTestCases.TestCases" name="@BeforeMethod BrowserInvoke" time="0.0">
    <skipped/>
  </testcase> <!-- @BeforeMethod BrowserInvoke -->
  <testcase classname="BillingTestCases.TestCases" name="@BeforeMethod BrowserInvoke" time="0.0">
    <skipped/>
  </testcase> <!-- @BeforeMethod BrowserInvoke -->
  <testcase classname="BillingTestCases.TestCases" name="@BeforeMethod BrowserInvoke" time="0.0">
    <skipped/>
  </testcase> <!-- @BeforeMethod BrowserInvoke -->
  <testcase classname="BillingTestCases.TestCases" name="@BeforeMethod BrowserInvoke" time="0.0">
    <skipped/>
  </testcase> <!-- @BeforeMethod BrowserInvoke -->
  <testcase classname="BillingTestCases.TestCases" name="@BeforeMethod BrowserInvoke" time="0.0">
    <skipped/>
  </testcase> <!-- @BeforeMethod BrowserInvoke -->
  <testcase classname="BillingTestCases.TestCases" name="@BeforeMethod BrowserInvoke" time="0.0">
    <skipped/>
  </testcase> <!-- @BeforeMethod BrowserInvoke -->
  <testcase classname="BillingTestCases.TestCases" name="@BeforeMethod BrowserInvoke" time="0.0">
    <skipped/>
  </testcase> <!-- @BeforeMethod BrowserInvoke -->
  <testcase classname="BillingTestCases.TestCases" name="@BeforeMethod BrowserInvoke" time="0.0">
    <skipped/>
  </testcase> <!-- @BeforeMethod BrowserInvoke -->
  <testcase classname="BillingTestCases.TestCases" name="@BeforeMethod BrowserInvoke" time="0.0">
    <skipped/>
  </testcase> <!-- @BeforeMethod BrowserInvoke -->
  <testcase classname="BillingTestCases.TestCases" name="@BeforeMethod BrowserInvoke" time="0.0">
    <skipped/>
  </testcase> <!-- @BeforeMethod BrowserInvoke -->
  <testcase classname="BillingTestCases.TestCases" name="@BeforeMethod BrowserInvoke" time="0.0">
    <skipped/>
  </testcase> <!-- @BeforeMethod BrowserInvoke -->
  <testcase classname="BillingTestCases.TestCases" name="@BeforeMethod BrowserInvoke" time="0.0">
    <skipped/>
  </testcase> <!-- @BeforeMethod BrowserInvoke -->
  <testcase classname="BillingTestCases.TestCases" name="@BeforeMethod BrowserInvoke" time="0.0">
    <skipped/>
  </testcase> <!-- @BeforeMethod BrowserInvoke -->
  <testcase classname="BillingTestCases.TestCases" name="@BeforeMethod BrowserInvoke" time="0.0">
    <skipped/>
  </testcase> <!-- @BeforeMethod BrowserInvoke -->
  <testcase classname="BillingTestCases.TestCases" name="@BeforeMethod BrowserInvoke" time="0.0">
    <skipped/>
  </testcase> <!-- @BeforeMethod BrowserInvoke -->
  <testcase classname="BillingTestCases.TestCases" name="@BeforeMethod BrowserInvoke" time="0.0">
    <skipped/>
  </testcase> <!-- @BeforeMethod BrowserInvoke -->
  <testcase classname="BillingTestCases.TestCases" name="@BeforeMethod BrowserInvoke" time="0.0">
    <skipped/>
  </testcase> <!-- @BeforeMethod BrowserInvoke -->
  <testcase classname="BillingTestCases.TestCases" name="@BeforeMethod BrowserInvoke" time="0.0">
    <skipped/>
  </testcase> <!-- @BeforeMethod BrowserInvoke -->
  <testcase classname="BillingTestCases.TestCases" name="@BeforeMethod BrowserInvoke" time="0.0">
    <skipped/>
  </testcase> <!-- @BeforeMethod BrowserInvoke -->
  <testcase classname="BillingTestCases.TestCases" name="@BeforeMethod BrowserInvoke" time="0.0">
    <skipped/>
  </testcase> <!-- @BeforeMethod BrowserInvoke -->
  <testcase classname="BillingTestCases.TestCases" name="@BeforeMethod BrowserInvoke" time="0.0">
    <skipped/>
  </testcase> <!-- @BeforeMethod BrowserInvoke -->
  <testcase classname="BillingTestCases.TestCases" name="TC01BillingLoginValid" time="0.0">
    <skipped/>
  </testcase> <!-- TC01BillingLoginValid -->
  <testcase classname="BillingTestCases.TestCases" name="TC02BillingLogininvalid" time="0.001">
    <skipped/>
  </testcase> <!-- TC02BillingLogininvalid -->
  <testcase classname="BillingTestCases.TestCases" name="TC03BillingLoginValidAndCheckBox" time="0.001">
    <skipped/>
  </testcase> <!-- TC03BillingLoginValidAndCheckBox -->
  <testcase classname="BillingTestCases.TestCases" name="TC04BillingAddUser" time="0.0">
    <skipped/>
  </testcase> <!-- TC04BillingAddUser -->
  <testcase classname="BillingTestCases.TestCases" name="TC05BillingAddRole" time="0.0">
    <skipped/>
  </testcase> <!-- TC05BillingAddRole -->
  <testcase classname="BillingTestCases.TestCases" name="TC06BillingDeleteRole" time="0.001">
    <skipped/>
  </testcase> <!-- TC06BillingDeleteRole -->
  <testcase classname="BillingTestCases.TestCases" name="TC07BillingContactAddSupplier" time="0.0">
    <skipped/>
  </testcase> <!-- TC07BillingContactAddSupplier -->
  <testcase classname="BillingTestCases.TestCases" name="TC08BillingEditAddedSupplierEmail" time="0.001">
    <skipped/>
  </testcase> <!-- TC08BillingEditAddedSupplierEmail -->
  <testcase classname="BillingTestCases.TestCases" name="TC09BillingContactAddCustomer" time="0.0">
    <skipped/>
  </testcase> <!-- TC09BillingContactAddCustomer -->
  <testcase classname="BillingTestCases.TestCases" name="TC10BillingContactAddCustomerGroup" time="0.0">
    <skipped/>
  </testcase> <!-- TC10BillingContactAddCustomerGroup -->
  <testcase classname="BillingTestCases.TestCases" name="TC11BillingAddProduct" time="0.0">
    <skipped/>
  </testcase> <!-- TC11BillingAddProduct -->
  <testcase classname="BillingTestCases.TestCases" name="TC12BillingAddVariations" time="0.0">
    <skipped/>
  </testcase> <!-- TC12BillingAddVariations -->
  <testcase classname="BillingTestCases.TestCases" name="TC13BillingDeleteVariations" time="0.0">
    <skipped/>
  </testcase> <!-- TC13BillingDeleteVariations -->
  <testcase classname="BillingTestCases.TestCases" name="TC14BillingAddSellingPriceGroup" time="0.0">
    <skipped/>
  </testcase> <!-- TC14BillingAddSellingPriceGroup -->
  <testcase classname="BillingTestCases.TestCases" name="TC15BillingAddBrand" time="0.0">
    <skipped/>
  </testcase> <!-- TC15BillingAddBrand -->
  <testcase classname="BillingTestCases.TestCases" name="TC16BillingAddStockAdjustment" time="0.0">
    <skipped/>
  </testcase> <!-- TC16BillingAddStockAdjustment -->
  <testcase classname="BillingTestCases.TestCases" name="TC17BillingAddExpense" time="0.0">
    <skipped/>
  </testcase> <!-- TC17BillingAddExpense -->
  <testcase classname="BillingTestCases.TestCases" name="TC18BillingAddExpenseCategories" time="0.001">
    <skipped/>
  </testcase> <!-- TC18BillingAddExpenseCategories -->
  <testcase classname="BillingTestCases.TestCases" name="TC19BillingAccountCreation" time="0.0">
    <skipped/>
  </testcase> <!-- TC19BillingAccountCreation -->
  <testcase classname="BillingTestCases.TestCases" name="TC20BillingCalculator" time="0.0">
    <skipped/>
  </testcase> <!-- TC20BillingCalculator -->
  <testcase classname="BillingTestCases.TestCases" name="TC21BillingAddOpeningStock" time="0.0">
    <skipped/>
  </testcase> <!-- TC21BillingAddOpeningStock -->
  <testcase classname="BillingTestCases.TestCases" name="TC22BillingAddSalesCommissionAgent" time="0.0">
    <skipped/>
  </testcase> <!-- TC22BillingAddSalesCommissionAgent -->
  <testcase classname="BillingTestCases.TestCases" name="TC23BillingAddPurchase" time="0.0">
    <skipped/>
  </testcase> <!-- TC23BillingAddPurchase -->
</testsuite> <!-- Default test -->
