<?xml version="1.0" encoding="UTF-8"?>
<!-- Generated by org.testng.reporters.JUnitXMLReporter -->
<testsuite ignored="24" hostname="LAPTOP-9MMV66BJ" failures="1" tests="1" name="Test" time="29.348" errors="0" timestamp="2022-09-04T17:19:06 IST">
  <testcase classname="BillingTestCases.TestCases" name="TC25BillingAddTaxRates" time="17.666">
    <failure type="java.lang.AssertionError" message="expected [TaxName6808] but found [GST@18%]">
      <![CDATA[java.lang.AssertionError: expected [TaxName6808] but found [GST@18%]
at BillingTestCases.TestCases.TC25BillingAddTaxRates(TestCases.java:570)
at java.base/java.util.ArrayList.forEach(ArrayList.java:1511)
... Removed 33 stack frames]]>
    </failure>
  </testcase> <!-- TC25BillingAddTaxRates -->
  <testcase classname="BillingTestCases.TestCases" name="TC24BillingAddDiscount" time="0.0">
    <ignored/>
  </testcase> <!-- TC24BillingAddDiscount -->
  <testcase classname="BillingTestCases.TestCases" name="TC19BillingAccountCreation" time="0.0">
    <ignored/>
  </testcase> <!-- TC19BillingAccountCreation -->
  <testcase classname="BillingTestCases.TestCases" name="TC11BillingAddProduct" time="0.0">
    <ignored/>
  </testcase> <!-- TC11BillingAddProduct -->
  <testcase classname="BillingTestCases.TestCases" name="TC10BillingContactAddCustomerGroup" time="0.0">
    <ignored/>
  </testcase> <!-- TC10BillingContactAddCustomerGroup -->
  <testcase classname="BillingTestCases.TestCases" name="TC09BillingContactAddCustomer" time="0.0">
    <ignored/>
  </testcase> <!-- TC09BillingContactAddCustomer -->
  <testcase classname="BillingTestCases.TestCases" name="TC03BillingLoginValidAndCheckBox" time="0.0">
    <ignored/>
  </testcase> <!-- TC03BillingLoginValidAndCheckBox -->
  <testcase classname="BillingTestCases.TestCases" name="TC17BillingAddExpense" time="0.0">
    <ignored/>
  </testcase> <!-- TC17BillingAddExpense -->
  <testcase classname="BillingTestCases.TestCases" name="TC13BillingDeleteVariations" time="0.0">
    <ignored/>
  </testcase> <!-- TC13BillingDeleteVariations -->
  <testcase classname="BillingTestCases.TestCases" name="TC15BillingAddBrand" time="0.0">
    <ignored/>
  </testcase> <!-- TC15BillingAddBrand -->
  <testcase classname="BillingTestCases.TestCases" name="TC21BillingAddOpeningStock" time="0.0">
    <ignored/>
  </testcase> <!-- TC21BillingAddOpeningStock -->
  <testcase classname="BillingTestCases.TestCases" name="TC18BillingAddExpenseCategories" time="0.0">
    <ignored/>
  </testcase> <!-- TC18BillingAddExpenseCategories -->
  <testcase classname="BillingTestCases.TestCases" name="TC04BillingAddUser" time="0.0">
    <ignored/>
  </testcase> <!-- TC04BillingAddUser -->
  <testcase classname="BillingTestCases.TestCases" name="TC02BillingLogininvalid" time="0.0">
    <ignored/>
  </testcase> <!-- TC02BillingLogininvalid -->
  <testcase classname="BillingTestCases.TestCases" name="TC14BillingAddSellingPriceGroup" time="0.0">
    <ignored/>
  </testcase> <!-- TC14BillingAddSellingPriceGroup -->
  <testcase classname="BillingTestCases.TestCases" name="TC06BillingDeleteRole" time="0.0">
    <ignored/>
  </testcase> <!-- TC06BillingDeleteRole -->
  <testcase classname="BillingTestCases.TestCases" name="TC20BillingCalculator" time="0.0">
    <ignored/>
  </testcase> <!-- TC20BillingCalculator -->
  <testcase classname="BillingTestCases.TestCases" name="TC07BillingContactAddSupplier" time="0.0">
    <ignored/>
  </testcase> <!-- TC07BillingContactAddSupplier -->
  <testcase classname="BillingTestCases.TestCases" name="TC08BillingEditAddedSupplierEmail" time="0.0">
    <ignored/>
  </testcase> <!-- TC08BillingEditAddedSupplierEmail -->
  <testcase classname="BillingTestCases.TestCases" name="TC23BillingAddPurchase" time="0.0">
    <ignored/>
  </testcase> <!-- TC23BillingAddPurchase -->
  <testcase classname="BillingTestCases.TestCases" name="TC01BillingLoginValid" time="0.0">
    <ignored/>
  </testcase> <!-- TC01BillingLoginValid -->
  <testcase classname="BillingTestCases.TestCases" name="TC12BillingAddVariations" time="0.0">
    <ignored/>
  </testcase> <!-- TC12BillingAddVariations -->
  <testcase classname="BillingTestCases.TestCases" name="TC05BillingAddRole" time="0.0">
    <ignored/>
  </testcase> <!-- TC05BillingAddRole -->
  <testcase classname="BillingTestCases.TestCases" name="TC16BillingAddStockAdjustment" time="0.0">
    <ignored/>
  </testcase> <!-- TC16BillingAddStockAdjustment -->
  <testcase classname="BillingTestCases.TestCases" name="TC22BillingAddSalesCommissionAgent" time="0.0">
    <ignored/>
  </testcase> <!-- TC22BillingAddSalesCommissionAgent -->
</testsuite> <!-- Test -->
