<?xml version="1.0" encoding="UTF-8"?>
<testng-results ignored="29" total="30" passed="1" failed="0" skipped="0">
  <reporter-output>
  </reporter-output>
  <suite started-at="2022-09-06T00:00:25 IST" name="Suite" finished-at="2022-09-06T00:00:53 IST" duration-ms="28370">
    <groups>
    </groups>
    <test started-at="2022-09-06T00:00:25 IST" name="Test" finished-at="2022-09-06T00:00:53 IST" duration-ms="28370">
      <class name="BillingTestCases.TestCases">
        <test-method is-config="true" signature="BrowserInvoke(java.lang.String)[pri:0, instance:BillingTestCases.TestCases@59d4cd39]" started-at="2022-09-06T00:00:25 IST" name="BrowserInvoke" finished-at="2022-09-06T00:00:39 IST" duration-ms="13814" status="PASS">
          <params>
            <param index="0">
              <value>
                <![CDATA[Chrome]]>
              </value>
            </param>
          </params>
          <reporter-output>
          </reporter-output>
        </test-method> <!-- BrowserInvoke -->
        <test-method signature="TC27BillingAddInvoiceSettings()[pri:0, instance:BillingTestCases.TestCases@59d4cd39]" started-at="2022-09-06T00:00:39 IST" name="TC27BillingAddInvoiceSettings" finished-at="2022-09-06T00:00:53 IST" duration-ms="14465" status="PASS">
          <reporter-output>
          </reporter-output>
        </test-method> <!-- TC27BillingAddInvoiceSettings -->
      </class> <!-- BillingTestCases.TestCases -->
    </test> <!-- Test -->
  </suite> <!-- Suite -->
</testng-results>
